<?xml version="1.0" encoding="UTF-8"?>
<testng-results ignored="0" total="1" passed="1" failed="0" skipped="0">
  <reporter-output>
  </reporter-output>
  <suite started-at="2025-07-22T13:15:08 IST" name="Default suite" finished-at="2025-07-22T13:15:40 IST" duration-ms="31567">
    <groups>
    </groups>
    <test started-at="2025-07-22T13:15:08 IST" name="Default test" finished-at="2025-07-22T13:15:40 IST" duration-ms="31567">
      <class name="Device.DeviceSearch">
        <test-method is-config="true" signature="setup()[pri:0, instance:Device.DeviceSearch@48f2bd5b]" started-at="2025-07-22T13:15:09 IST" name="setup" finished-at="2025-07-22T13:15:17 IST" duration-ms="8459" status="PASS">
          <reporter-output>
          </reporter-output>
        </test-method> <!-- setup -->
        <test-method signature="loginAndAddDeviceTest()[pri:0, instance:Device.DeviceSearch@48f2bd5b]" started-at="2025-07-22T13:15:17 IST" name="loginAndAddDeviceTest" finished-at="2025-07-22T13:15:40 IST" duration-ms="22933" status="PASS">
          <reporter-output>
          </reporter-output>
        </test-method> <!-- loginAndAddDeviceTest -->
      </class> <!-- Device.DeviceSearch -->
    </test> <!-- Default test -->
  </suite> <!-- Default suite -->
</testng-results>
